[23:56:01] [main/INFO]: Loading Minecraft 1.21.7 with Fabric Loader 0.16.14
[23:56:02] [main/INFO]: Loading 4 mods:
	- fabricloader 0.16.14
	   \-- mixinextras 0.4.1
	- java 21
	- minecraft 1.21.7
[23:56:02] [main/INFO]: SpongePowered MIXIN Subsystem Version=0.8.7 Source=file:/workspaces/Prest-MC-Server/servidor_minecraft/libraries/net/fabricmc/sponge-mixin/0.15.5+mixin.0.8.7/sponge-mixin-0.15.5+mixin.0.8.7.jar Service=Knot/Fabric Env=SERVER
[23:56:14] [main/INFO]: Environment: Environment[sessionHost=https://sessionserver.mojang.com, servicesHost=https://api.minecraftservices.com, name=PROD]
[23:56:18] [main/INFO]: Loaded 1407 recipes
[23:56:18] [main/INFO]: Loaded 1520 advancements
[23:56:18] [Server thread/INFO]: Starting minecraft server version 1.21.7
[23:56:18] [Server thread/INFO]: Loading properties
[23:56:18] [Server thread/INFO]: Default game type: SURVIVAL
[23:56:18] [Server thread/INFO]: Generating keypair
[23:56:18] [Server thread/INFO]: Starting Minecraft server on *:25565
[23:56:18] [Server thread/INFO]: Using epoll channel type
[23:56:18] [Server thread/WARN]: **** SERVER IS RUNNING IN OFFLINE/INSECURE MODE!
[23:56:18] [Server thread/WARN]: The server will make no attempt to authenticate usernames. Beware.
[23:56:18] [Server thread/WARN]: While this makes the game possible to play without internet access, it also opens up the ability for hackers to connect with any username they choose.
[23:56:18] [Server thread/WARN]: To change this, set "online-mode" to "true" in the server.properties file.
[23:56:19] [Server thread/INFO]: Preparing level "world"
[23:56:19] [Server thread/INFO]: Preparing start region for dimension minecraft:overworld
